<?xml version="1.0" encoding="UTF-8"?>
<testsuite xmlns:xsi="http://www.w3.org/2001/XMLSchema-instance" xsi:noNamespaceSchemaLocation="https://maven.apache.org/surefire/maven-surefire-plugin/xsd/surefire-test-report.xsd" name="org.springframework.samples.mvc.response.ResponseControllerTests" time="0.046" tests="5" errors="0" skipped="0" failures="0">
  <properties>
[...]
</properties>
  <testcase name="responseCharsetAccept" classname="org.springframework.samples.mvc.response.ResponseControllerTests" time="0.007"/>
  <testcase name="responseEntityHeaders" classname="org.springframework.samples.mvc.response.ResponseControllerTests" time="0.012"/>
  <testcase name="responseEntityStatus" classname="org.springframework.samples.mvc.response.ResponseControllerTests" time="0.009"/>
  <testcase name="responseBody" classname="org.springframework.samples.mvc.response.ResponseControllerTests" time="0.01"/>
  <testcase name="responseCharsetProduce" classname="org.springframework.samples.mvc.response.ResponseControllerTests" time="0.008"/>
</testsuite>